<?xml version="1.0" encoding="UTF-8"?>
<!-- Generated by org.testng.reporters.JUnitReportReporter -->
<testsuite hostname="DESKTOP-4PUFGGK" failures="0" tests="2" name="com.AutomationPanda.ContactsPage" time="40.643" errors="0" timestamp="2023-08-02T10:57:28 IST" skipped="0">
  <testcase classname="com.AutomationPanda.ContactsPage" name="VerifyingHomePageTitle" time="21.559"/>
  <testcase classname="com.AutomationPanda.ContactsPage" name="VerifyingContactsPage" time="19.084"/>
</testsuite> <!-- com.AutomationPanda.ContactsPage -->
